<?xml version="1.0" encoding="UTF-8"?>
<!-- Generated by org.testng.reporters.JUnitReportReporter -->
<testsuite hostname="DESKTOP-KPDGCCF" failures="0" tests="2" name="testng.Datapro1" time="126.617" errors="0" timestamp="2023-01-31T14:50:26 IST" skipped="0">
  <testcase classname="testng.Datapro1" name="test1" time="63.408"/>
  <system-out/>
  <testcase classname="testng.Datapro1" name="test1" time="63.209"/>
  <system-out/>
</testsuite> <!-- testng.Datapro1 -->
