<?xml version="1.0" encoding="UTF-8"?>
<!-- Generated by org.testng.reporters.JUnitReportReporter -->
<testsuite hostname="DESKTOP-KPDGCCF" failures="0" tests="1" name="basic.TestNGPractice" time="0.052" errors="0" timestamp="2023-01-30T12:12:14 IST" skipped="0">
  <testcase classname="basic.TestNGPractice" name="test" time="0.052"/>
  <system-out/>
</testsuite> <!-- basic.TestNGPractice -->
