<?xml version="1.0" encoding="UTF-8"?>
<!-- Generated by org.testng.reporters.JUnitReportReporter -->
<testsuite hostname="DESKTOP-KPDGCCF" failures="0" tests="2" name="datadriventesting.DataDrivenTestNg1" time="36.044" errors="0" timestamp="2023-01-31T15:05:11 IST" skipped="0">
  <testcase classname="datadriventesting.DataDrivenTestNg1" name="test1" time="24.489"/>
  <system-out/>
  <testcase classname="datadriventesting.DataDrivenTestNg1" name="test1" time="11.555"/>
  <system-out/>
</testsuite> <!-- datadriventesting.DataDrivenTestNg1 -->
