<?xml version="1.0" encoding="UTF-8"?>
<!-- Generated by org.testng.reporters.JUnitReportReporter -->
<testsuite hostname="DESKTOP-KPDGCCF" failures="0" tests="4" name="practice.TestNgforExcel" time="468.402" errors="0" timestamp="2023-02-01T09:41:08 IST" skipped="0">
  <testcase classname="practice.TestNgforExcel" name="RegisterPage" time="117.239"/>
  <system-out/>
  <testcase classname="practice.TestNgforExcel" name="RegisterPage" time="117.291"/>
  <system-out/>
  <testcase classname="practice.TestNgforExcel" name="RegisterPage" time="116.669"/>
  <system-out/>
  <testcase classname="practice.TestNgforExcel" name="RegisterPage" time="117.203"/>
  <system-out/>
</testsuite> <!-- practice.TestNgforExcel -->
