<?xml version="1.0" encoding="UTF-8"?>
<!-- Generated by org.testng.reporters.JUnitReportReporter -->
<testsuite hostname="DESKTOP-KPDGCCF" failures="0" tests="2" name="basic.TestNg4" time="67.169" errors="0" timestamp="2023-01-30T15:26:57 IST" skipped="0">
  <testcase classname="basic.TestNg4" name="sample" time="0.046"/>
  <system-out/>
  <testcase classname="basic.TestNg4" name="testcase3" time="67.123"/>
  <system-out/>
</testsuite> <!-- basic.TestNg4 -->
