<?xml version="1.0" encoding="UTF-8"?>
<!-- Generated by org.testng.reporters.JUnitReportReporter -->
<testsuite hostname="DESKTOP-KPDGCCF" failures="0" tests="1" name="basic.TestNg3" time="0.040" errors="0" timestamp="2023-01-30T15:25:50 IST" skipped="0">
  <testcase classname="basic.TestNg3" name="sample2" time="0.040"/>
  <system-out/>
</testsuite> <!-- basic.TestNg3 -->
