<?xml version="1.0" encoding="UTF-8"?>
<!-- Generated by org.testng.reporters.JUnitReportReporter -->
<testsuite hostname="DESKTOP-KPDGCCF" failures="0" tests="4" name="basic.Testng1" time="0.054" errors="0" timestamp="2023-01-27T11:56:59 IST" skipped="0">
  <testcase classname="basic.Testng1" name="add" time="0.004"/>
  <system-out/>
  <testcase classname="basic.Testng1" name="add" time="0.030"/>
  <system-out/>
  <testcase classname="basic.Testng1" name="product" time="0.009"/>
  <system-out/>
  <testcase classname="basic.Testng1" name="subtract" time="0.011"/>
  <system-out/>
</testsuite> <!-- basic.Testng1 -->
